

===== 2025-06-04 21:18:43 =====
POST 请求数据:
<xml><ToUserName><![CDATA[ww568874482f006b53]]></ToUserName><Encrypt><![CDATA[IPaa5h8UaesFWjiM2/YHmi/ZOgF/ad3zgj0zcv4U9rc1LHqw3MOnmbmLiD8K+r0DnOqZxJjqjZE26+CQpR3iIv5AzEfZa4gG8oLIbCaOlGRK3zqOuDabKVLuvW+cORZH5QysY3yJYjIDP7XQVvHvzHkFPQVruxEH5mfduzEfGp9fzzF70dEj3cdyYEfzAYvhCSLVT1wYStfqcJLeFR5BbWmB1P2iqYB3H9fraz844tutX/PL/XSRDqGvkI8GPhYYTKRSAHwoEYmhRm+eB4/2z0XwfHxYeVdP/sihEibo27kR3zB40PLHEk8fnPLbH7n8tic/N+e7FfjPmrfkS+XVwBBnASKrj2iT3n+tEz4GLStigiG/avJ7runjPqpYKY9m8sx9HcgwVeCQYnNUSAx0nG0hnWjCvEhtYJe+QjmgEdDGgdhAottN5D2OPqm4pR6MnVJJdOku8qz99Z30jebkjA==]]></Encrypt><AgentID><![CDATA[1000008]]></AgentID></xml>

===== 2025-06-04 21:18:43 =====
IPaa5h8UaesFWjiM2/YHmi/ZOgF/ad3zgj0zcv4U9rc1LHqw3MOnmbmLiD8K+r0DnOqZxJjqjZE26+CQpR3iIv5AzEfZa4gG8oLIbCaOlGRK3zqOuDabKVLuvW+cORZH5QysY3yJYjIDP7XQVvHvzHkFPQVruxEH5mfduzEfGp9fzzF70dEj3cdyYEfzAYvhCSLVT1wYStfqcJLeFR5BbWmB1P2iqYB3H9fraz844tutX/PL/XSRDqGvkI8GPhYYTKRSAHwoEYmhRm+eB4/2z0XwfHxYeVdP/sihEibo27kR3zB40PLHEk8fnPLbH7n8tic/N+e7FfjPmrfkS+XVwBBnASKrj2iT3n+tEz4GLStigiG/avJ7runjPqpYKY9m8sx9HcgwVeCQYnNUSAx0nG0hnWjCvEhtYJe+QjmgEdDGgdhAottN5D2OPqm4pR6MnVJJdOku8qz99Z30jebkjA==

===== 2025-06-04 21:22:03 =====
POST 请求数据:
<xml><ToUserName><![CDATA[ww568874482f006b53]]></ToUserName><Encrypt><![CDATA[J1/leI3FEdOYVNczyIo15E5nuFaiO9wp8TLsWwKUjZQAYpYJvkeQbp5pIlSHxn9M8qQPTm9vNQBBS3cbyHvjCfC/4qzmx6sERFvnOOaykQJtoZvauifEtj2h4C9IkcYm6LKkCXmlCjilq3dgFjKUChrCcNpl3SXJS5fprbpk827p2LsslKRvZSGIe+4lJI93ErZQdkmNwxQvfMpdtt7r9dDccRQpEwZQlFmC1LUbWk64OcatDZl2Czvbg1f6/4UQda+fm5CokZapz3EKEqXw6+hCzFCiwGjvn/xTu6uIFixdK8ZT6SDbROrOnL/bvhYZTlDOncLK3HakaykpGlgl67tmbdBPkyaQ1mloGuYZQiP9HfPWEmXL5dkYCWswCdSVxlqYYDortGHhGTb9rmrQa4CMVTcv+2u54ecD2TMAuEp8/7fBeC6E6CcUM93wnCl2eTmkdL/P+6oOXcfed3r9Qw==]]></Encrypt><AgentID><![CDATA[1000008]]></AgentID></xml>

===== 2025-06-04 21:22:03 =====
J1/leI3FEdOYVNczyIo15E5nuFaiO9wp8TLsWwKUjZQAYpYJvkeQbp5pIlSHxn9M8qQPTm9vNQBBS3cbyHvjCfC/4qzmx6sERFvnOOaykQJtoZvauifEtj2h4C9IkcYm6LKkCXmlCjilq3dgFjKUChrCcNpl3SXJS5fprbpk827p2LsslKRvZSGIe+4lJI93ErZQdkmNwxQvfMpdtt7r9dDccRQpEwZQlFmC1LUbWk64OcatDZl2Czvbg1f6/4UQda+fm5CokZapz3EKEqXw6+hCzFCiwGjvn/xTu6uIFixdK8ZT6SDbROrOnL/bvhYZTlDOncLK3HakaykpGlgl67tmbdBPkyaQ1mloGuYZQiP9HfPWEmXL5dkYCWswCdSVxlqYYDortGHhGTb9rmrQa4CMVTcv+2u54ecD2TMAuEp8/7fBeC6E6CcUM93wnCl2eTmkdL/P+6oOXcfed3r9Qw==

===== 2025-06-06 16:06:35 =====
POST 请求数据:
<xml><ToUserName><![CDATA[ww568874482f006b53]]></ToUserName><Encrypt><![CDATA[s5facMyAks//NJSxcCcBBEpJLLmkPyvik/D0eZB+C9wa3dIa1uhYXxh/Ni9lo/9Ak5Gp9ju1PlmQ6j+IpHQqukqaMgO5ink6VARk3KJjU8XQBCX+eSf16WC8728eUomm2qHzQABj2Zd1vo6SSGnuXG5PV9YJP82d686mmpbUMgFZU1/MippKCJYVUp2xCoy+/hKqar3Pixi4uKmj4xlZe6PabfSQesDG3wReFS2MiPR1qzmNmWGGc8lW7EPlOLaqGkXJ+uW9pjORfFDVTayqCwecZTxEwHajUFCeDDhsVlhNCsGd5oGaAqYpgr9ZtRhg/M+DVtQynkuaPrXx4jXiBYiq/79IibC+seBLMgYcvG/t4UWkRF8YThSvkzyFree2bj1viglOydFQsAI5QZRhQHsAlZPvf0F7OLDjnJ9fb9eJ8a5TR0AiPyTp/K+Ku0TD39UPTNK4Eb344UJgV9poSA==]]></Encrypt><AgentID><![CDATA[1000008]]></AgentID></xml>

===== 2025-06-06 16:06:35 =====
s5facMyAks//NJSxcCcBBEpJLLmkPyvik/D0eZB+C9wa3dIa1uhYXxh/Ni9lo/9Ak5Gp9ju1PlmQ6j+IpHQqukqaMgO5ink6VARk3KJjU8XQBCX+eSf16WC8728eUomm2qHzQABj2Zd1vo6SSGnuXG5PV9YJP82d686mmpbUMgFZU1/MippKCJYVUp2xCoy+/hKqar3Pixi4uKmj4xlZe6PabfSQesDG3wReFS2MiPR1qzmNmWGGc8lW7EPlOLaqGkXJ+uW9pjORfFDVTayqCwecZTxEwHajUFCeDDhsVlhNCsGd5oGaAqYpgr9ZtRhg/M+DVtQynkuaPrXx4jXiBYiq/79IibC+seBLMgYcvG/t4UWkRF8YThSvkzyFree2bj1viglOydFQsAI5QZRhQHsAlZPvf0F7OLDjnJ9fb9eJ8a5TR0AiPyTp/K+Ku0TD39UPTNK4Eb344UJgV9poSA==

===== 2025-06-06 16:21:26 =====
POST 请求数据:
<xml><ToUserName><![CDATA[ww568874482f006b53]]></ToUserName><Encrypt><![CDATA[TrsALQjs2M3UshAUVbJWn329kAEGo/G2acpEKZD90zHfSMiD4W+z4AtMJ8SiND7NxHHLK28e5A4cz1dBfriv19hLX0xHeAqXx1Rzb9pSgR09oMkXluyulFDF1Hsk3BsKVAgTGwM8A2FxHpDsJayaR56dgBVOznXj9+PI6WlMR8GnvAXm/jVaDd3qiGAikyTUlFIPVmsHqDHbCO+34YiNyUnYaM9TEFzU8fXt+o2+C5P62MgrK9+Fojrfd/kD4IieQf5eLiHmxgVI19sZzU/gkrXmLk3l+CSG4j4lRqPRef4M19MEq0p5UTfcRBD/t3lTFyFW/YxUNRqSiB56fmcSYkHOAhnLDRh23BH7EWJsEWnMHuKHl52wryXlYlOn+guzrCtbT0ViyGYp6BBl6DtcmMzmKYaITa0ArLFZ7y5oybdTTmNvNRGiXoo320cgMOUsDOBOSzWwtSgNimHl4ZJMcQ==]]></Encrypt><AgentID><![CDATA[1000008]]></AgentID></xml>

===== 2025-06-06 16:21:26 =====
TrsALQjs2M3UshAUVbJWn329kAEGo/G2acpEKZD90zHfSMiD4W+z4AtMJ8SiND7NxHHLK28e5A4cz1dBfriv19hLX0xHeAqXx1Rzb9pSgR09oMkXluyulFDF1Hsk3BsKVAgTGwM8A2FxHpDsJayaR56dgBVOznXj9+PI6WlMR8GnvAXm/jVaDd3qiGAikyTUlFIPVmsHqDHbCO+34YiNyUnYaM9TEFzU8fXt+o2+C5P62MgrK9+Fojrfd/kD4IieQf5eLiHmxgVI19sZzU/gkrXmLk3l+CSG4j4lRqPRef4M19MEq0p5UTfcRBD/t3lTFyFW/YxUNRqSiB56fmcSYkHOAhnLDRh23BH7EWJsEWnMHuKHl52wryXlYlOn+guzrCtbT0ViyGYp6BBl6DtcmMzmKYaITa0ArLFZ7y5oybdTTmNvNRGiXoo320cgMOUsDOBOSzWwtSgNimHl4ZJMcQ==

===== 2025-06-06 16:51:41 =====
POST 请求数据:
<xml><ToUserName><![CDATA[ww568874482f006b53]]></ToUserName><Encrypt><![CDATA[bwOqWKgatqWx8FTC8WZCqzCwyHylSlLmngRy7jaB7VKvy2Dkgkg1RAXpWYJzu/jGE3vu5R7bfohejrgm20IICV7DMqv4LE8/jRuz5qIbmlXrunBX1qSLpflp/rRs9iaOfqHLmA1ThtVNd95BweniUfYdglw09l7thr0rVX4rehA0Ik2jDmm9GxUtb5i/BeaP0B0eFTtqlIuBBG9qbnesK39aGoft3stiff4/wq6qbHv7Xs9wDtt/GYR3WTRy8+KI3oNl5UMS1gaU1SXib0SDBHs6t3nV/8+VtVViozVmTMGzChmoapUfzK+9byBBCPNblSepdiwV3e6cULFdcHaLHnVncVIHcGMFwM9lalPGaNRE5qmdmprIaAuq2847DuT9L010PxETNqLI9ZX3GRBBH7lSLQjwSxRyusYrgxzr6rshuHiCAlizxx7uMiquu2Vfap3fsqQ5k/qzo3pJZupmvA==]]></Encrypt><AgentID><![CDATA[1000008]]></AgentID></xml>

===== 2025-06-06 16:51:41 =====
bwOqWKgatqWx8FTC8WZCqzCwyHylSlLmngRy7jaB7VKvy2Dkgkg1RAXpWYJzu/jGE3vu5R7bfohejrgm20IICV7DMqv4LE8/jRuz5qIbmlXrunBX1qSLpflp/rRs9iaOfqHLmA1ThtVNd95BweniUfYdglw09l7thr0rVX4rehA0Ik2jDmm9GxUtb5i/BeaP0B0eFTtqlIuBBG9qbnesK39aGoft3stiff4/wq6qbHv7Xs9wDtt/GYR3WTRy8+KI3oNl5UMS1gaU1SXib0SDBHs6t3nV/8+VtVViozVmTMGzChmoapUfzK+9byBBCPNblSepdiwV3e6cULFdcHaLHnVncVIHcGMFwM9lalPGaNRE5qmdmprIaAuq2847DuT9L010PxETNqLI9ZX3GRBBH7lSLQjwSxRyusYrgxzr6rshuHiCAlizxx7uMiquu2Vfap3fsqQ5k/qzo3pJZupmvA==

===== 2025-06-06 16:56:11 =====
POST 请求数据:
<xml><ToUserName><![CDATA[ww568874482f006b53]]></ToUserName><Encrypt><![CDATA[woMa3UIwoDGZzdNwj6me+UXJwp0GwvYbPRd15ELU8sKw3nBHDi75O4yF2oTwxIEre91qTMOSRKKysPzz0dsxQ2LKjdNuhmIMBwedUO4txPdrRahyws35L8n7mspaKBbz3ShW24zdwCxX+21Sa04N4Ka9FCDRCDO4yHfUFz44xptBdhv3gPPWWXhWakq01FstnRnVdw+rdd0yvmSfUATMG0UO+5Gj9aFJrfZjbkNySiovSY/5EdI0aScb/WoJ/I/vp1Jr5Dg8p0gf/6oLSxPo0QB53d8t9VUhq+61hg1sWO7FtnFTUJyEfoBBAPVDat/XrMo2GvQp3YHU+/1dpAPuU1rJ+8nG2iH6fwL5fOv+t92W5WDaO2SfAyIs8sXiRtZawiTWy8vDycWm1bNLH8SMNnQZoBd3usPi4IMoukYHBVx7comDyz66V04xOcz5GSWs3e71sSVSGVdrOOjcmSxwFQ==]]></Encrypt><AgentID><![CDATA[1000008]]></AgentID></xml>

===== 2025-06-06 16:56:11 =====
woMa3UIwoDGZzdNwj6me+UXJwp0GwvYbPRd15ELU8sKw3nBHDi75O4yF2oTwxIEre91qTMOSRKKysPzz0dsxQ2LKjdNuhmIMBwedUO4txPdrRahyws35L8n7mspaKBbz3ShW24zdwCxX+21Sa04N4Ka9FCDRCDO4yHfUFz44xptBdhv3gPPWWXhWakq01FstnRnVdw+rdd0yvmSfUATMG0UO+5Gj9aFJrfZjbkNySiovSY/5EdI0aScb/WoJ/I/vp1Jr5Dg8p0gf/6oLSxPo0QB53d8t9VUhq+61hg1sWO7FtnFTUJyEfoBBAPVDat/XrMo2GvQp3YHU+/1dpAPuU1rJ+8nG2iH6fwL5fOv+t92W5WDaO2SfAyIs8sXiRtZawiTWy8vDycWm1bNLH8SMNnQZoBd3usPi4IMoukYHBVx7comDyz66V04xOcz5GSWs3e71sSVSGVdrOOjcmSxwFQ==

===== 2025-06-06 17:00:15 =====
POST 请求数据:
<xml><ToUserName><![CDATA[ww568874482f006b53]]></ToUserName><Encrypt><![CDATA[x3SZkVQkKRENh5QZagHfZKmMt5nizWHNOUcpU8IKLgRM2ayzrNwvSslF3jhxeh7Kx13MG/3Tk3Lli2wDwauBaeaO6KMdAGWplPFiy0ZLEIxvJ6jpmTHWbYwLknwJcOMOEiB5xEB6+E1Q+sxgTue937028c8Vi8LTo8Iw93SxKX6xbGQP1PQUO5AwXMVuN8aaFfOVXqVIt4XnRBk7vhwItr4hVQK2xWF49smKofU+sPyf7rGsVsTeX+/EcYQmFoQXhQj//UnCLPAVQdy96AYjPuzxJvgOnnUaXnGG+RGqC5hJLnh3dDisHGEHi4PzZkClqwVxirb3M90zFA4GooG1veGtUjwrmG9kXZYNZi23xg3cOEkN2uGhHBflROI90q/qDYcY8pGoQ23lmm+blF0ypSv913dnfvWIdIoXwFB6EG0JsjglkC3a3CF41PfM3quSR1k/+OsvP3q1pYJ+3d23vw==]]></Encrypt><AgentID><![CDATA[1000008]]></AgentID></xml>

===== 2025-06-06 17:00:15 =====
x3SZkVQkKRENh5QZagHfZKmMt5nizWHNOUcpU8IKLgRM2ayzrNwvSslF3jhxeh7Kx13MG/3Tk3Lli2wDwauBaeaO6KMdAGWplPFiy0ZLEIxvJ6jpmTHWbYwLknwJcOMOEiB5xEB6+E1Q+sxgTue937028c8Vi8LTo8Iw93SxKX6xbGQP1PQUO5AwXMVuN8aaFfOVXqVIt4XnRBk7vhwItr4hVQK2xWF49smKofU+sPyf7rGsVsTeX+/EcYQmFoQXhQj//UnCLPAVQdy96AYjPuzxJvgOnnUaXnGG+RGqC5hJLnh3dDisHGEHi4PzZkClqwVxirb3M90zFA4GooG1veGtUjwrmG9kXZYNZi23xg3cOEkN2uGhHBflROI90q/qDYcY8pGoQ23lmm+blF0ypSv913dnfvWIdIoXwFB6EG0JsjglkC3a3CF41PfM3quSR1k/+OsvP3q1pYJ+3d23vw==

===== 2025-06-06 17:02:47 =====
POST 请求数据:
<xml><ToUserName><![CDATA[ww568874482f006b53]]></ToUserName><Encrypt><![CDATA[0yK/2X7HLYM58zHilb4RrUErn8FEkqvch1/9VAlSM0I5ynGdRzehljV9Ok5wmz9HSB2NDogdd4UC2Q7Dj9DHb9wkK9PhM+DM9/QTRNk9VVp49JW5k5E0FhXJF0pn/hPmS3sVvYNAvWqYrtR1sMbMldLn+9VGIRrW4LEL+VErAYT4LBLBcze2kguRfbF00UNnBj74ZUUNJ1mGkUt9StLc9r7rANgDsIXsVMxvDJzRj9NivnV3QdantjOD4ioYCsV3pXJWJql6tRSNzhLwIT3RwfHW21EXVAi1cvbyAiYrDD8gcNh8Ls6Co1AT0/RyP4mujT1k52LMMVGWjC0ngfMzHMOSOMmm+W3N+Nj07PvIi03c/Fa1nW4Oqg/0TrX6DB0/ZkhuPIpveFxd3wqYOEAUfJRH2kfNNy0Ar2ggIqsxbHkPKYu1UcxKeT3nhfizusORahZVIJAmz6aMNrb99mSoEQ==]]></Encrypt><AgentID><![CDATA[1000008]]></AgentID></xml>

===== 2025-06-06 17:02:47 =====
0yK/2X7HLYM58zHilb4RrUErn8FEkqvch1/9VAlSM0I5ynGdRzehljV9Ok5wmz9HSB2NDogdd4UC2Q7Dj9DHb9wkK9PhM+DM9/QTRNk9VVp49JW5k5E0FhXJF0pn/hPmS3sVvYNAvWqYrtR1sMbMldLn+9VGIRrW4LEL+VErAYT4LBLBcze2kguRfbF00UNnBj74ZUUNJ1mGkUt9StLc9r7rANgDsIXsVMxvDJzRj9NivnV3QdantjOD4ioYCsV3pXJWJql6tRSNzhLwIT3RwfHW21EXVAi1cvbyAiYrDD8gcNh8Ls6Co1AT0/RyP4mujT1k52LMMVGWjC0ngfMzHMOSOMmm+W3N+Nj07PvIi03c/Fa1nW4Oqg/0TrX6DB0/ZkhuPIpveFxd3wqYOEAUfJRH2kfNNy0Ar2ggIqsxbHkPKYu1UcxKeT3nhfizusORahZVIJAmz6aMNrb99mSoEQ==

===== 2025-06-06 17:03:33 =====
POST 请求数据:
<xml><ToUserName><![CDATA[ww568874482f006b53]]></ToUserName><Encrypt><![CDATA[t4TvCc71kkt1ndHJ2OsY5I8p6XSy0fhqRVuC35pidXNfb7hlDDnp5dPU1GxXQIq6yojHVA7vNc1iYIR4luaAppPn/sbJRPS+cF6Kr+07oSQh668d5JGlkaq38voV+Mmmfira4GZ3wZ21zMp5VQwwCcZP4lZ244KpMVjOdIJv13/x4sZWFCoherLQi63pK9cLthr6jp0QrAwmAZR+4Gm1/BqDOHbXqaxR+mKMDyBxCwYr0UOD9V9ceRfb/z/E4WdnoF38Eg8fVpqokzBDNMJWhj9R9TG5mQGWZwHzbJ0DCUloee5twF1KuQr5vjk4l+clCpfAnF2+EoKtfx+BTL2OKIpkTqh7q2NuJefcCLd18MEFWMm3v3CjkrSBStfvX82EJYBxBrr/sL4Q5AAPTLfiaVG1glAaCflG/uOkON5jYZYEmZiuObUcbpEKtSAEejOPsQDLfBuRNRlmkOwm+DXGFA==]]></Encrypt><AgentID><![CDATA[1000008]]></AgentID></xml>

===== 2025-06-06 17:03:33 =====
t4TvCc71kkt1ndHJ2OsY5I8p6XSy0fhqRVuC35pidXNfb7hlDDnp5dPU1GxXQIq6yojHVA7vNc1iYIR4luaAppPn/sbJRPS+cF6Kr+07oSQh668d5JGlkaq38voV+Mmmfira4GZ3wZ21zMp5VQwwCcZP4lZ244KpMVjOdIJv13/x4sZWFCoherLQi63pK9cLthr6jp0QrAwmAZR+4Gm1/BqDOHbXqaxR+mKMDyBxCwYr0UOD9V9ceRfb/z/E4WdnoF38Eg8fVpqokzBDNMJWhj9R9TG5mQGWZwHzbJ0DCUloee5twF1KuQr5vjk4l+clCpfAnF2+EoKtfx+BTL2OKIpkTqh7q2NuJefcCLd18MEFWMm3v3CjkrSBStfvX82EJYBxBrr/sL4Q5AAPTLfiaVG1glAaCflG/uOkON5jYZYEmZiuObUcbpEKtSAEejOPsQDLfBuRNRlmkOwm+DXGFA==

===== 2025-06-06 17:38:28 =====
POST 请求数据:
<xml><ToUserName><![CDATA[ww568874482f006b53]]></ToUserName><Encrypt><![CDATA[T7CHdrgNgW3PBvS2UxttTV84x6jLI7+uQ6dI4X+kM43b1KdDxCkJvb+cRskzVmaoji7urD/BLacPgD8u7QgT88RHpUWbIVd2Sq+9w1tGz5yxUHclGScwjuoNBA/AsYFfQ0PlFcfYhyXUd73BAxy8AbuP3n0LU7h4J4cYWhInBYGYbiAFZRbhK3kt1JPJE5PWUB1JRA9XcJpFHnO56XkCCIAO3i7nt4UAQzPwKWqE4OfZoH3KCHpIDYylunmCv54zVCZwa1znH6U4Bzz6R55XAcMmkfcogbuwXYKpzIY72HS4qGDd5GfphDVBQ/TFJGQk3RTNotRxr7njw1li7S/DsND/TX1lA1RE3bxjljDMvoBtrfJbA+Z1fa22KQBaty/aAyCuq1ErSroUnjiQR9aD1qhqGqFpdxqktuGxCYNCMV1A6BShvqVrer9MTN3UbAdvaVTz4i1WYlPKt2JP1V8gHg==]]></Encrypt><AgentID><![CDATA[1000008]]></AgentID></xml>

===== 2025-06-06 17:38:28 =====
T7CHdrgNgW3PBvS2UxttTV84x6jLI7+uQ6dI4X+kM43b1KdDxCkJvb+cRskzVmaoji7urD/BLacPgD8u7QgT88RHpUWbIVd2Sq+9w1tGz5yxUHclGScwjuoNBA/AsYFfQ0PlFcfYhyXUd73BAxy8AbuP3n0LU7h4J4cYWhInBYGYbiAFZRbhK3kt1JPJE5PWUB1JRA9XcJpFHnO56XkCCIAO3i7nt4UAQzPwKWqE4OfZoH3KCHpIDYylunmCv54zVCZwa1znH6U4Bzz6R55XAcMmkfcogbuwXYKpzIY72HS4qGDd5GfphDVBQ/TFJGQk3RTNotRxr7njw1li7S/DsND/TX1lA1RE3bxjljDMvoBtrfJbA+Z1fa22KQBaty/aAyCuq1ErSroUnjiQR9aD1qhqGqFpdxqktuGxCYNCMV1A6BShvqVrer9MTN3UbAdvaVTz4i1WYlPKt2JP1V8gHg==

===== 2025-06-06 17:55:13 =====
POST 请求数据:
<xml><ToUserName><![CDATA[ww568874482f006b53]]></ToUserName><Encrypt><![CDATA[Bw68SnLNRuCNsRwBbnv9muKjE+MMp5vGZk9xgN6WIgz4/L8cViG0QGUNN6s6vLGPnIiE8akWAoWQLYnuYQzkUdUp43tpC7qnqh1YvBK9Fi1CGPU/v92RGoPH+G6cvYfttY3gneiCiyWrm12kswnTrbJkUxJL+o9+LcZz3XEdztHGaWg8wXo7GTAB4tLzT6GxuFZp9hDj3fOgHpcirF52nXPmfLiWkcVo9WyRx9TLKNfuMY/Y8aNkEkIitYOzSN8sCk9um7s5gSsvKrZgvfZis8bkF1nEk8hoE3LYYD7HxnUSlCyegaSVPeMCMoT04xNqRm/I1yGHZYhoBdXzoGlzD9IG7kUkfNCWS51jSLI70o0OzJuQcdA58vv7DJDLM/28nxHBKRs2Nemem9ELJCrw0WZDlTqUCpesXTlcbJoRRXrEv19EN6FezeGRns0ff5gc35u3olsbVR7nMzB+daXhaQ==]]></Encrypt><AgentID><![CDATA[1000008]]></AgentID></xml>

===== 2025-06-06 17:55:13 =====
Bw68SnLNRuCNsRwBbnv9muKjE+MMp5vGZk9xgN6WIgz4/L8cViG0QGUNN6s6vLGPnIiE8akWAoWQLYnuYQzkUdUp43tpC7qnqh1YvBK9Fi1CGPU/v92RGoPH+G6cvYfttY3gneiCiyWrm12kswnTrbJkUxJL+o9+LcZz3XEdztHGaWg8wXo7GTAB4tLzT6GxuFZp9hDj3fOgHpcirF52nXPmfLiWkcVo9WyRx9TLKNfuMY/Y8aNkEkIitYOzSN8sCk9um7s5gSsvKrZgvfZis8bkF1nEk8hoE3LYYD7HxnUSlCyegaSVPeMCMoT04xNqRm/I1yGHZYhoBdXzoGlzD9IG7kUkfNCWS51jSLI70o0OzJuQcdA58vv7DJDLM/28nxHBKRs2Nemem9ELJCrw0WZDlTqUCpesXTlcbJoRRXrEv19EN6FezeGRns0ff5gc35u3olsbVR7nMzB+daXhaQ==

===== 2025-06-06 18:09:19 =====
POST 请求数据:
<xml><ToUserName><![CDATA[ww568874482f006b53]]></ToUserName><Encrypt><![CDATA[ueG1ie6mOQdM9skwFit1Hn/wq+xxMFyIWYDb0n4ABlSCOQfQwCep2BGwcBs5y6YIVbEDhPWnzcW/wIaQ70JVN0JGuhB1JH6A3yWFFi79nTnpbgz8qlcDW4ptfoFJikQEb3tgzrvLReOpvDY7OQ3wITFcjQ73PzgKtT1AI44sRvxMtp4lkY0/23RcBN+jygB4mCCPHtRB7dSzmNGTQnQl3H8c5u8f89T9ak1PzBCUW6agXrfHZKW1fOriJu+oQbsZ4IocewcUpCxyiOc52gC3SCkToM/Epvj3LpUmDwCuqu8UnwpP5HZ6qVjYiSwpvEJVyQNp9DUURoMSOiqGwDIze3aY9mOEkJrwTfA3dc1RIHVMPmqGMyPWrviXMRNGJXf24aR6bSUIFmqcnYCBocB6S06na2CXTtuDc3dhIZuXTFqMQWV0W0fx4EgGB4V3Sc5YbKK9Ol1ErwHH2K2/L3UMqQ==]]></Encrypt><AgentID><![CDATA[1000008]]></AgentID></xml>

===== 2025-06-06 18:09:19 =====
ueG1ie6mOQdM9skwFit1Hn/wq+xxMFyIWYDb0n4ABlSCOQfQwCep2BGwcBs5y6YIVbEDhPWnzcW/wIaQ70JVN0JGuhB1JH6A3yWFFi79nTnpbgz8qlcDW4ptfoFJikQEb3tgzrvLReOpvDY7OQ3wITFcjQ73PzgKtT1AI44sRvxMtp4lkY0/23RcBN+jygB4mCCPHtRB7dSzmNGTQnQl3H8c5u8f89T9ak1PzBCUW6agXrfHZKW1fOriJu+oQbsZ4IocewcUpCxyiOc52gC3SCkToM/Epvj3LpUmDwCuqu8UnwpP5HZ6qVjYiSwpvEJVyQNp9DUURoMSOiqGwDIze3aY9mOEkJrwTfA3dc1RIHVMPmqGMyPWrviXMRNGJXf24aR6bSUIFmqcnYCBocB6S06na2CXTtuDc3dhIZuXTFqMQWV0W0fx4EgGB4V3Sc5YbKK9Ol1ErwHH2K2/L3UMqQ==

===== 2025-06-06 18:10:11 =====
POST 请求数据:
<xml><ToUserName><![CDATA[ww568874482f006b53]]></ToUserName><Encrypt><![CDATA[51awnVpaf8ggU5vzZvNNVj+N8epGY0ZVPEYB/XVP1163uvPw43/E5I21JyP20ysChZ45geYB4/Pz/Xz1yL2ygs8uDrWqeDStCk3PadgEr138CB7E+lejqpEsO/4rM11iMbIi6j/pRlWfVcrEF5ip6EamioyKWe5fMeFnnsvK48nvb2+5fAZQ6U6S9MgavKHz51nEQDKeNJvBCcAurBJfcHMjt7K6YstYxDflyl/uGj2MocrNpysOElIYA0uWoIHi5c59DYt/Lg5V0yvMafKdAQUO/irF6zLWK2CP3vve+Up2zevZDowT/ytvhHO1X66jgXf3PBGo/LlWMSb0+1zHroJ9ZIfM53/qVB7dv7akzHD97wrH5DdhN18GCg7HGnxzcbYqEqbcU46C319tsPwngP92yQaJiEYhbMebnWLkFhumMdxV4fg7PqG83lPZkskNwuvnbRpQbVwXk85+p7siQQ==]]></Encrypt><AgentID><![CDATA[1000008]]></AgentID></xml>

===== 2025-06-06 18:10:11 =====
51awnVpaf8ggU5vzZvNNVj+N8epGY0ZVPEYB/XVP1163uvPw43/E5I21JyP20ysChZ45geYB4/Pz/Xz1yL2ygs8uDrWqeDStCk3PadgEr138CB7E+lejqpEsO/4rM11iMbIi6j/pRlWfVcrEF5ip6EamioyKWe5fMeFnnsvK48nvb2+5fAZQ6U6S9MgavKHz51nEQDKeNJvBCcAurBJfcHMjt7K6YstYxDflyl/uGj2MocrNpysOElIYA0uWoIHi5c59DYt/Lg5V0yvMafKdAQUO/irF6zLWK2CP3vve+Up2zevZDowT/ytvhHO1X66jgXf3PBGo/LlWMSb0+1zHroJ9ZIfM53/qVB7dv7akzHD97wrH5DdhN18GCg7HGnxzcbYqEqbcU46C319tsPwngP92yQaJiEYhbMebnWLkFhumMdxV4fg7PqG83lPZkskNwuvnbRpQbVwXk85+p7siQQ==

===== 2025-06-06 18:18:48 =====
POST 请求数据:
<xml><ToUserName><![CDATA[ww568874482f006b53]]></ToUserName><Encrypt><![CDATA[JlJVw8N4X9R+YEw7YBvYnkdMHfUnTne530fp7qc/T9NwrdwDm+ZK1yrQeJ/txL/nEfab1sah0f2iTuBZ4vLDk7VX3rF0kE5vjzbWSmGjQScDjU4CtlvPvmuakxe3U2LrEIxi8rd/HQ3ImhBUy7IjI2e4UF73ykNtVfq1elhw2UHxlpLrJ0UgUUw2tcemA4oJjLK9c2GDd9POBVrvSDFSmJK/+stwYCsSHYstdVvWVpckOYFAXV/l+W13N1vjuKVMVV9nFYIou3EhG23KDAjvhMluA802P87vEKTymhSWUK5mPBRFhFCKIDhO2AJCsofFihxcB8l5+bS9VkIU6SaKg9A7jaQ1BigG6JTJlIHr5vcZ7fQmBcB982IC1NCfmuNQJYxU9neEdfPrFEcV6/DW1lfVFsLEoLSbTP2B10ZuQM2qAafrMmsA/Q1NPtKy4W6hS1/nCBqw+V563qm8E4kGjQ==]]></Encrypt><AgentID><![CDATA[1000008]]></AgentID></xml>

===== 2025-06-06 18:18:48 =====
JlJVw8N4X9R+YEw7YBvYnkdMHfUnTne530fp7qc/T9NwrdwDm+ZK1yrQeJ/txL/nEfab1sah0f2iTuBZ4vLDk7VX3rF0kE5vjzbWSmGjQScDjU4CtlvPvmuakxe3U2LrEIxi8rd/HQ3ImhBUy7IjI2e4UF73ykNtVfq1elhw2UHxlpLrJ0UgUUw2tcemA4oJjLK9c2GDd9POBVrvSDFSmJK/+stwYCsSHYstdVvWVpckOYFAXV/l+W13N1vjuKVMVV9nFYIou3EhG23KDAjvhMluA802P87vEKTymhSWUK5mPBRFhFCKIDhO2AJCsofFihxcB8l5+bS9VkIU6SaKg9A7jaQ1BigG6JTJlIHr5vcZ7fQmBcB982IC1NCfmuNQJYxU9neEdfPrFEcV6/DW1lfVFsLEoLSbTP2B10ZuQM2qAafrMmsA/Q1NPtKy4W6hS1/nCBqw+V563qm8E4kGjQ==

===== 2025-06-06 18:23:33 =====
POST 请求数据:
<xml><ToUserName><![CDATA[ww568874482f006b53]]></ToUserName><Encrypt><![CDATA[oz0sdF3pUTfLaqHHo+xhdbG3NAY8bB3D3SWX4lchEHe06+KrroCYpx+jw7GBc/q0TzE7fc1T9Fg88kpUDe5kmXI69B1XFMLwmxCDJmbdt71quGldTFf+a849sWCrO0vO/eERGeen5B1t4RxTeAA9kGIJhSvvMaiDslukZalmt1uy//Yu18zEbsgDgglWqXOaEwPCth5CEAcAjSz2ZplOdqUlecwELNIARcdzsGbiI8tirFLWPYTK0TnGAKwYlpRpIYmEop+Zh/0XmnO/Rc0Ob3FC0irrHT5tqVWAY/WzhnFV438Hq41CF9xOnXB/awFoDcOVTIpAgklRmMMLapbyY15J67hqHgZx9bx0/L/pGYwFKtw2yA8zaean0LT1vqWNSFszutROYLvI/Qg/n1tGp08gXAhDND7e0H2jEhfG/WnoJHsqZQn7tCTkpM6yALYlFurOfb3xkn/vypF05TRxzQ==]]></Encrypt><AgentID><![CDATA[1000008]]></AgentID></xml>

===== 2025-06-06 18:23:33 =====
oz0sdF3pUTfLaqHHo+xhdbG3NAY8bB3D3SWX4lchEHe06+KrroCYpx+jw7GBc/q0TzE7fc1T9Fg88kpUDe5kmXI69B1XFMLwmxCDJmbdt71quGldTFf+a849sWCrO0vO/eERGeen5B1t4RxTeAA9kGIJhSvvMaiDslukZalmt1uy//Yu18zEbsgDgglWqXOaEwPCth5CEAcAjSz2ZplOdqUlecwELNIARcdzsGbiI8tirFLWPYTK0TnGAKwYlpRpIYmEop+Zh/0XmnO/Rc0Ob3FC0irrHT5tqVWAY/WzhnFV438Hq41CF9xOnXB/awFoDcOVTIpAgklRmMMLapbyY15J67hqHgZx9bx0/L/pGYwFKtw2yA8zaean0LT1vqWNSFszutROYLvI/Qg/n1tGp08gXAhDND7e0H2jEhfG/WnoJHsqZQn7tCTkpM6yALYlFurOfb3xkn/vypF05TRxzQ==

===== 2025-06-06 19:57:52 =====
POST 请求数据:
<xml><ToUserName><![CDATA[ww568874482f006b53]]></ToUserName><Encrypt><![CDATA[jdUsgfLSVxPZp+kL2M4jRJAPpl7yxXAwt21CBohZzO3FHtKfZXrytEuzw7hWlm43Ax1DPUFFELkwT17M/F04J9dMpqwm2oYyBZjOd5XjyEzUhjFvhLFOsA8UcjCueVgZoTv4a3NfKyD2wF4edduxPWQWuAlUtpGN4k6YDlm8UJVuSaV4hLiOZuPXpY4dCcp9/Sajg++e5WDNN5B+Kuy1Z9GkbMiz6hiSxRj4FhRFZACPz7JPpMgjeiLapRuEIh5eFl2NY1tMfsGoJ7zXiNSXEtzLThftZIrRku0l9vQIz4FYPRV6pG+h7C8AcvgiaPGp/j2F1v5rlHT5kEJuuIVp1LdVF9p6tU/pAOlfybrNfGEX7KSwGH3G+rWb3esookvaTn/TRrvgkP7UAKzJA6ZeWtnHySb5Zzx+hDRsilu1lD8m/VSbNI06HbWi4PTxSlLPq0qhbu45G14A5Ga/PVBujA==]]></Encrypt><AgentID><![CDATA[1000008]]></AgentID></xml>

===== 2025-06-06 19:57:52 =====
jdUsgfLSVxPZp+kL2M4jRJAPpl7yxXAwt21CBohZzO3FHtKfZXrytEuzw7hWlm43Ax1DPUFFELkwT17M/F04J9dMpqwm2oYyBZjOd5XjyEzUhjFvhLFOsA8UcjCueVgZoTv4a3NfKyD2wF4edduxPWQWuAlUtpGN4k6YDlm8UJVuSaV4hLiOZuPXpY4dCcp9/Sajg++e5WDNN5B+Kuy1Z9GkbMiz6hiSxRj4FhRFZACPz7JPpMgjeiLapRuEIh5eFl2NY1tMfsGoJ7zXiNSXEtzLThftZIrRku0l9vQIz4FYPRV6pG+h7C8AcvgiaPGp/j2F1v5rlHT5kEJuuIVp1LdVF9p6tU/pAOlfybrNfGEX7KSwGH3G+rWb3esookvaTn/TRrvgkP7UAKzJA6ZeWtnHySb5Zzx+hDRsilu1lD8m/VSbNI06HbWi4PTxSlLPq0qhbu45G14A5Ga/PVBujA==

===== 2025-06-06 20:08:06 =====
POST 请求数据:
<xml><ToUserName><![CDATA[ww568874482f006b53]]></ToUserName><Encrypt><![CDATA[3XiAcicLcgCDPvuNFSiqEuZbFIn7nhTpqpA8rfpDsN9qXL8JMNQl8oreGko8zD92EfUXMXyIEF9UcZpHd9RLxIrC2VWD3R+Aa7CyA41F5TEESQqXBqRGA+IAraOr4/XkBC8QVcJczO4Kmmpy3fWkGZdHKc9IK6PYWLWIzUMCgD0WNoOQ3z1A0eCNCugtVyqA3basT3Cdt/h5tC6HejAx26SmlviNAMjTto3323EBxBl+Ujk8RM93eOCGO7wBAmwyy+5gk6wGX3lJc/H5anLTXuNtUuZKGJFrUIqE4IBMprTEzleX5BsoMnxZ5oUp3AQIPhs2amvzDQBU4dnGAZfHrAWfbAlwUfyCHvwjFxJwdVrBnP0hxgNwcGMClBaB7tFCMZdNNWgwj0JetcLR7sWGG73HFXmav+ty2PuKHymSgRIs1LHgZwuAX0++eUMg/h+w9X4hmVuF2WRrKIHc7c/EaA==]]></Encrypt><AgentID><![CDATA[1000008]]></AgentID></xml>

===== 2025-06-06 20:08:06 =====
3XiAcicLcgCDPvuNFSiqEuZbFIn7nhTpqpA8rfpDsN9qXL8JMNQl8oreGko8zD92EfUXMXyIEF9UcZpHd9RLxIrC2VWD3R+Aa7CyA41F5TEESQqXBqRGA+IAraOr4/XkBC8QVcJczO4Kmmpy3fWkGZdHKc9IK6PYWLWIzUMCgD0WNoOQ3z1A0eCNCugtVyqA3basT3Cdt/h5tC6HejAx26SmlviNAMjTto3323EBxBl+Ujk8RM93eOCGO7wBAmwyy+5gk6wGX3lJc/H5anLTXuNtUuZKGJFrUIqE4IBMprTEzleX5BsoMnxZ5oUp3AQIPhs2amvzDQBU4dnGAZfHrAWfbAlwUfyCHvwjFxJwdVrBnP0hxgNwcGMClBaB7tFCMZdNNWgwj0JetcLR7sWGG73HFXmav+ty2PuKHymSgRIs1LHgZwuAX0++eUMg/h+w9X4hmVuF2WRrKIHc7c/EaA==

===== 2025-06-06 20:10:00 =====
POST 请求数据:
<xml><ToUserName><![CDATA[ww568874482f006b53]]></ToUserName><Encrypt><![CDATA[NBuZUKGNKeHNJO83CtOeEhRZ5Xne29UjK1AGOynqc+PFtwJyhZTZIQCTwasD0qgcXzK7T+f0zbABgWASgTJtSY8jd2iMwmGS8rNjidSEC29P8IfEblLtWh36YvoTrsLgcYKJjoXJfvfc9d1OqpyU0YiEeEEwg+nFpGYUZcbGKF0GJnuaZsdLBcw8k9DhvZRIBo0/M+kZxGO+btFBc1fJpHohcpTmsd9PmcyOXyMV++AehRUHCfI0HspMHcvHUeV1lrzjyyV/ygSxGBOfQXQbIprnY926a/ihlP728JqgyCLldCan9rtMxrQGBiw8VpcPfwtUpa/OrUnoD2OlBLDFNDt62XBJg3xzrXhH0KBXiv7VodOlNc6BhnX6xcShyZJWrrPRiNvsKYFrx2gDuyBvMm8Om6Jg3nHFCWVJDh1wvsfhV4WRwjdxdt4KxXCboRr0fx9nwn0aYF0/gKXkq5TKEw==]]></Encrypt><AgentID><![CDATA[1000008]]></AgentID></xml>

===== 2025-06-06 20:10:00 =====
NBuZUKGNKeHNJO83CtOeEhRZ5Xne29UjK1AGOynqc+PFtwJyhZTZIQCTwasD0qgcXzK7T+f0zbABgWASgTJtSY8jd2iMwmGS8rNjidSEC29P8IfEblLtWh36YvoTrsLgcYKJjoXJfvfc9d1OqpyU0YiEeEEwg+nFpGYUZcbGKF0GJnuaZsdLBcw8k9DhvZRIBo0/M+kZxGO+btFBc1fJpHohcpTmsd9PmcyOXyMV++AehRUHCfI0HspMHcvHUeV1lrzjyyV/ygSxGBOfQXQbIprnY926a/ihlP728JqgyCLldCan9rtMxrQGBiw8VpcPfwtUpa/OrUnoD2OlBLDFNDt62XBJg3xzrXhH0KBXiv7VodOlNc6BhnX6xcShyZJWrrPRiNvsKYFrx2gDuyBvMm8Om6Jg3nHFCWVJDh1wvsfhV4WRwjdxdt4KxXCboRr0fx9nwn0aYF0/gKXkq5TKEw==

===== 2025-06-06 20:30:10 =====
POST 请求数据:
<xml><ToUserName><![CDATA[ww568874482f006b53]]></ToUserName><Encrypt><![CDATA[BUpKh4973g031d6yVbuNd+nDpkBLm8T3qmioA/8IV0MsOmC60x32ldUBNjvc0i7zb40JsnmMLXPCcUP7colHEByL3GIbNPjEq1YTamLTLhWCGDWt4+z2mqS3ivgt1nji/RH9NYTcHdnUJnu5aSaYvc3J4X/TEaW6vSByR3Il0lVcyM5PbSZl+ILNPWm4CSzX+nyPEhzjTXg1RSnGNgWe7ShS+iRWEh6O5KRNXS7RNephN3dlwL5arNjVcSgGke1jnWtm7dLo/2qrUV318vy8RXsuPS/DlU4eEmWga/eZ9sNN7VdZE4t1B6Pgb8hIInF1vYwgbTCkOeVlX6q1hzuCprEg3GJB3+dzJEApEAAai8JAo0T2i8nRMqG6mAONQaEpBnBfmw0fjvsl3nXc8xbbKjuorrACX3rhM2pA1pIPvPIfT2nGp/40/sW/IyFJuJWazetUDfXfbUfJFj7zzkZKlg==]]></Encrypt><AgentID><![CDATA[1000008]]></AgentID></xml>

===== 2025-06-06 20:30:10 =====
BUpKh4973g031d6yVbuNd+nDpkBLm8T3qmioA/8IV0MsOmC60x32ldUBNjvc0i7zb40JsnmMLXPCcUP7colHEByL3GIbNPjEq1YTamLTLhWCGDWt4+z2mqS3ivgt1nji/RH9NYTcHdnUJnu5aSaYvc3J4X/TEaW6vSByR3Il0lVcyM5PbSZl+ILNPWm4CSzX+nyPEhzjTXg1RSnGNgWe7ShS+iRWEh6O5KRNXS7RNephN3dlwL5arNjVcSgGke1jnWtm7dLo/2qrUV318vy8RXsuPS/DlU4eEmWga/eZ9sNN7VdZE4t1B6Pgb8hIInF1vYwgbTCkOeVlX6q1hzuCprEg3GJB3+dzJEApEAAai8JAo0T2i8nRMqG6mAONQaEpBnBfmw0fjvsl3nXc8xbbKjuorrACX3rhM2pA1pIPvPIfT2nGp/40/sW/IyFJuJWazetUDfXfbUfJFj7zzkZKlg==

===== 2025-06-07 13:10:01 =====
POST 请求数据:
<xml><ToUserName><![CDATA[ww568874482f006b53]]></ToUserName><Encrypt><![CDATA[mYEgZzS6au60VnL+oCjutk08uI3H2MYg3hbSb4GgenuimBGPkfUk5Vu7kwwne+FF5Uy4s2ViKb3L4OHlkanJXMBsUe4kWN6hvBuwHwzU7qsPqV5bCY0pOxmvg1iSzdMRQGtpz/RHLiK6K0cVNDXR3tNDACUjZDYQ1Oik4T7L3YgJJ50ytLDwXRrdOh/1A0DskBQMyr/nTZXKt8F1QU1UdYoqqJhtRY7xl5xv3YapdT7LSChEfvhte7wO0o0VxvDje+Vn0hXMV+xzeUm0la2DWItea2/wwqKKNje2U+vx7ybGHQesRatc8cGrjoOYUwHtcYHi3YSkfDUlxaKgSy6ecnb48vJ8mGCPjqisBZ4yQ9UJliBYCPmEEgUmvQKa7MmTw7sJZ0I2Nyrew+2w3MEmcv1ADGHUuI3q3YOK25kLL6JeiVBziYkMJfmGs2oc2am+FPIffIv1ZJ4BWgOev1S+Vg==]]></Encrypt><AgentID><![CDATA[1000008]]></AgentID></xml>

===== 2025-06-07 13:10:01 =====
mYEgZzS6au60VnL+oCjutk08uI3H2MYg3hbSb4GgenuimBGPkfUk5Vu7kwwne+FF5Uy4s2ViKb3L4OHlkanJXMBsUe4kWN6hvBuwHwzU7qsPqV5bCY0pOxmvg1iSzdMRQGtpz/RHLiK6K0cVNDXR3tNDACUjZDYQ1Oik4T7L3YgJJ50ytLDwXRrdOh/1A0DskBQMyr/nTZXKt8F1QU1UdYoqqJhtRY7xl5xv3YapdT7LSChEfvhte7wO0o0VxvDje+Vn0hXMV+xzeUm0la2DWItea2/wwqKKNje2U+vx7ybGHQesRatc8cGrjoOYUwHtcYHi3YSkfDUlxaKgSy6ecnb48vJ8mGCPjqisBZ4yQ9UJliBYCPmEEgUmvQKa7MmTw7sJZ0I2Nyrew+2w3MEmcv1ADGHUuI3q3YOK25kLL6JeiVBziYkMJfmGs2oc2am+FPIffIv1ZJ4BWgOev1S+Vg==

===== 2025-06-07 13:10:36 =====
POST 请求数据:
<xml><ToUserName><![CDATA[ww568874482f006b53]]></ToUserName><Encrypt><![CDATA[hg7p911ngI9sOXDQtkull8ZsnrsvXxL6VPflYQtPtZ7l0Xup/XFT7QUx75bzjgIAoOtmD31IXJCNcNV9rlovQ/ma6uRFGlf6FldXd83rAdfn1ZAb6DoS1eYb8Zf6yFapCOYouUEsBlTIUI1Bw+yTA6yCniIZ7HbkCmXpi5u2G/TbCcyjl28DJ8wHMZJMeXQvVjkugMUps+gepFTW6jfU5XvDCLELGJIlfyYLhVfa1P1aqflxaohqL+Y0LYhNs25h06s/alOXzDCwZlMzHWny1hgAMpZYvxuLRDqeYMRcQVQ4SdRolcHTv/aQOa9TAa1bnNm74qEtl85cUOTRbKF092Chf441cNkrwnGq8FvUllYyvhBEmMEuf6HUyu7izkdg7gInAU5xDpvTMCrGHn842iGkA3KHkDpjFBuDzjfMWTlZjcbBHelNf/C4HXRaJMyjojnroPn1aAyBqiCcPIV5AA==]]></Encrypt><AgentID><![CDATA[1000008]]></AgentID></xml>

===== 2025-06-07 13:10:36 =====
hg7p911ngI9sOXDQtkull8ZsnrsvXxL6VPflYQtPtZ7l0Xup/XFT7QUx75bzjgIAoOtmD31IXJCNcNV9rlovQ/ma6uRFGlf6FldXd83rAdfn1ZAb6DoS1eYb8Zf6yFapCOYouUEsBlTIUI1Bw+yTA6yCniIZ7HbkCmXpi5u2G/TbCcyjl28DJ8wHMZJMeXQvVjkugMUps+gepFTW6jfU5XvDCLELGJIlfyYLhVfa1P1aqflxaohqL+Y0LYhNs25h06s/alOXzDCwZlMzHWny1hgAMpZYvxuLRDqeYMRcQVQ4SdRolcHTv/aQOa9TAa1bnNm74qEtl85cUOTRbKF092Chf441cNkrwnGq8FvUllYyvhBEmMEuf6HUyu7izkdg7gInAU5xDpvTMCrGHn842iGkA3KHkDpjFBuDzjfMWTlZjcbBHelNf/C4HXRaJMyjojnroPn1aAyBqiCcPIV5AA==

===== 2025-06-07 13:24:43 =====
POST 请求数据:
<xml><ToUserName><![CDATA[ww568874482f006b53]]></ToUserName><Encrypt><![CDATA[upjN6JPr4gepaksUG8R0KlbxSmfZGM1CqMbfJg4DOl6fDAEA4/GQseoQ+6EXTxnIh1Y9yFsaqcycsfTTH3cJzTz1u4cYQsTp40KTv12+rsCG8QqvuBiBO1nbI67LXKrWsmdrnsJjvWLTkUIshbVPQ8UWFTeBQCL3SFQl8+EJQfdTXEe6t70olcAgiYEA/tWAV4J7XZhZDK8yWwmC+yjBzxvokOGQtd41PuFGR79rePfw7vckIwkfIyjeBSOwoOKu9L/hhu+1qSk7pS3qnJMI3agCHKoRsu+WpGboHWilhcZRrYA8F+DvuhEwfof9Cwv743qpf5RXdzVk9FGEKfj2Q6qA5VFaNxwggMPuEDZj3K4+aFsE8dOnZYKGVr6GSCyfwMfDJ85hNZ0YvOv8R6H11y6Y0ViS/rAzgIIP8sR8Wbg=]]></Encrypt><AgentID><![CDATA[1000008]]></AgentID></xml>

===== 2025-06-07 13:24:43 =====
upjN6JPr4gepaksUG8R0KlbxSmfZGM1CqMbfJg4DOl6fDAEA4/GQseoQ+6EXTxnIh1Y9yFsaqcycsfTTH3cJzTz1u4cYQsTp40KTv12+rsCG8QqvuBiBO1nbI67LXKrWsmdrnsJjvWLTkUIshbVPQ8UWFTeBQCL3SFQl8+EJQfdTXEe6t70olcAgiYEA/tWAV4J7XZhZDK8yWwmC+yjBzxvokOGQtd41PuFGR79rePfw7vckIwkfIyjeBSOwoOKu9L/hhu+1qSk7pS3qnJMI3agCHKoRsu+WpGboHWilhcZRrYA8F+DvuhEwfof9Cwv743qpf5RXdzVk9FGEKfj2Q6qA5VFaNxwggMPuEDZj3K4+aFsE8dOnZYKGVr6GSCyfwMfDJ85hNZ0YvOv8R6H11y6Y0ViS/rAzgIIP8sR8Wbg=

===== 2025-06-07 13:26:25 =====
POST 请求数据:
<xml><ToUserName><![CDATA[ww568874482f006b53]]></ToUserName><Encrypt><![CDATA[55xaZLmE7ZlCPIB4dtaU5p6y4wahyHvT+l6mSmkuf+cGK5NNhs0ua2NhGetj1eVP/G2dZRAdxFP12DBUZ8KpYAJrLwPBu/CPuCF0Q7cMUUqmrJJaTjbsFbeMNyvRHjP51WA3o6Yz8GiBKhS+LA93nhR9vob9Yy/hrl+lUayKx78msNwD0BUHu8VjBP6ZNRxQiq7fdnEGYM/7PKJw+zTUIJTPXKHsQ7u4vYwqCQjZCTr2fr8sg9WhHxRoNXtqFohaRcHnnNiClcepsj8cBAts7PK0MDRNgGuwN7grB+qXP0njr9f3FOp7WwV1wtZ651RA7+FMcKfB8mZlHRvbvNagJwZwOyhRUTmvTo5bs09JqZdlKWKPUDhp1ABYcdBWkIdEDZ1jfFkDT4/Yo6USFD1z6NQ2Pa3c3ykRNmy4Oi5iSinVukZgNs4HVaSB8I8XFNQMtjQWb7D6CbfsMDYik5vR+g==]]></Encrypt><AgentID><![CDATA[1000008]]></AgentID></xml>

===== 2025-06-07 13:26:25 =====
55xaZLmE7ZlCPIB4dtaU5p6y4wahyHvT+l6mSmkuf+cGK5NNhs0ua2NhGetj1eVP/G2dZRAdxFP12DBUZ8KpYAJrLwPBu/CPuCF0Q7cMUUqmrJJaTjbsFbeMNyvRHjP51WA3o6Yz8GiBKhS+LA93nhR9vob9Yy/hrl+lUayKx78msNwD0BUHu8VjBP6ZNRxQiq7fdnEGYM/7PKJw+zTUIJTPXKHsQ7u4vYwqCQjZCTr2fr8sg9WhHxRoNXtqFohaRcHnnNiClcepsj8cBAts7PK0MDRNgGuwN7grB+qXP0njr9f3FOp7WwV1wtZ651RA7+FMcKfB8mZlHRvbvNagJwZwOyhRUTmvTo5bs09JqZdlKWKPUDhp1ABYcdBWkIdEDZ1jfFkDT4/Yo6USFD1z6NQ2Pa3c3ykRNmy4Oi5iSinVukZgNs4HVaSB8I8XFNQMtjQWb7D6CbfsMDYik5vR+g==

===== 2025-06-07 13:38:53 =====
POST 请求数据:
<xml><ToUserName><![CDATA[ww568874482f006b53]]></ToUserName><Encrypt><![CDATA[wjRkKP7IzfYYaq1U0cBhM4IF5A8TN1cmSoCSizQsGkkymxCGnGFzfQEXE094DCW0wq1virTlI6hXKVQ1HR1YTZjQ4TszwIvYTGljh7KNFBxwbkSLV34voGt3ZDs4l7GNUyBEvX4cdwnUlTHq+P8oo7Fehmnj+IG4oRpyjWxIUvM8XkCgq/9BcKBUhn6YrPsiMnd0YwNzLz17xVWI1mmwPyjBq+t/S0t/JHIH+QS/z5H41sQufHtLaFEwsQQbEPARSTqbxecTqEUpaYGrmzEEpI8LsftFQmh6XIFov50x+kdAsHPunf3NyJdDIbVvIz8xd8CjIs/pp1l+iCHTacUhCRj9p6ssjGdbXGTLNzhQPTDiZv9IdGUj5FgsYyRhBJjargcxHwcqc1Sm3QEL27J3PyK+QP9m8wUpjPzzfvanD1BBa0QDuTtAX6uBDY3LD/XYffMYawDCcK8dqNdowk3+YQ==]]></Encrypt><AgentID><![CDATA[1000008]]></AgentID></xml>

===== 2025-06-07 13:38:53 =====
wjRkKP7IzfYYaq1U0cBhM4IF5A8TN1cmSoCSizQsGkkymxCGnGFzfQEXE094DCW0wq1virTlI6hXKVQ1HR1YTZjQ4TszwIvYTGljh7KNFBxwbkSLV34voGt3ZDs4l7GNUyBEvX4cdwnUlTHq+P8oo7Fehmnj+IG4oRpyjWxIUvM8XkCgq/9BcKBUhn6YrPsiMnd0YwNzLz17xVWI1mmwPyjBq+t/S0t/JHIH+QS/z5H41sQufHtLaFEwsQQbEPARSTqbxecTqEUpaYGrmzEEpI8LsftFQmh6XIFov50x+kdAsHPunf3NyJdDIbVvIz8xd8CjIs/pp1l+iCHTacUhCRj9p6ssjGdbXGTLNzhQPTDiZv9IdGUj5FgsYyRhBJjargcxHwcqc1Sm3QEL27J3PyK+QP9m8wUpjPzzfvanD1BBa0QDuTtAX6uBDY3LD/XYffMYawDCcK8dqNdowk3+YQ==

===== 2025-06-07 13:46:09 =====
POST 请求数据:
<xml><ToUserName><![CDATA[ww568874482f006b53]]></ToUserName><Encrypt><![CDATA[auKixpWEC1RlkoHYkadXvL9FPkLd7GXDwCatbvsOEOJzTddw8yRLCSJ+IR37nh96Qipt9VUgUI2sEbr2W7O7YiqHdot9Zh6TDMGJtLExOY6aygzgh7hJaddtIJD+iJa7zzt1M8DaCdWMs0i+oI1ZQKSOLr+WGy6TpizNygRZeKTaNeWkkEqCRHqrcMuBU0R1B7NYWHwV48WEY+GZ4iKm/pL/YXXo9ieLQuYKImb8iOi0/R5op7C11tgjIQ8SUXdIgGyB/B+5w+QqepxneYFYEUhG+aNGv2eM3CfO3yi1mLOaePc9xUtUpSfX+ezpXvf7yoxnh30TmieHeL80ZRTEF7jGcALF/thuztTRYILDvbb0zfS5obP0HIi+K1YiabX/eyYgOHWENEj1pwwZljyYwgLO/uLn14rLz99Rx6VHUj8=]]></Encrypt><AgentID><![CDATA[1000008]]></AgentID></xml>

===== 2025-06-07 13:46:09 =====
auKixpWEC1RlkoHYkadXvL9FPkLd7GXDwCatbvsOEOJzTddw8yRLCSJ+IR37nh96Qipt9VUgUI2sEbr2W7O7YiqHdot9Zh6TDMGJtLExOY6aygzgh7hJaddtIJD+iJa7zzt1M8DaCdWMs0i+oI1ZQKSOLr+WGy6TpizNygRZeKTaNeWkkEqCRHqrcMuBU0R1B7NYWHwV48WEY+GZ4iKm/pL/YXXo9ieLQuYKImb8iOi0/R5op7C11tgjIQ8SUXdIgGyB/B+5w+QqepxneYFYEUhG+aNGv2eM3CfO3yi1mLOaePc9xUtUpSfX+ezpXvf7yoxnh30TmieHeL80ZRTEF7jGcALF/thuztTRYILDvbb0zfS5obP0HIi+K1YiabX/eyYgOHWENEj1pwwZljyYwgLO/uLn14rLz99Rx6VHUj8=

===== 2025-06-07 13:46:43 =====
POST 请求数据:
<xml><ToUserName><![CDATA[ww568874482f006b53]]></ToUserName><Encrypt><![CDATA[VZmY7ttVrCc7OGF9Bc3s43t3c3sQwVm9X1oohKTwH+Fj8pfgSpAAx7Uz5nRFuYs4/bCBf1ECKGQ6vx52EJnY4WTYawXTBrwZFVoRs/Nesea2vd0fyPU36X09K0CYrk8AmrHa+/f1BR8vrq74SdC/EomFvYU7wHPuLiM8Nnq2VlYwKnnMO3HvLe00lmP5y1hUJAyJRwIh++5evBCY3eKB5rf3puvwJ7Wp9y7fbgBIKbLv5FTogF5fp95jRr8SEzEIUqUOYbRhhd4Lvr8Xdg0ftpwvMghiMF2rkHqDk/gEGYzeQ1AK0/kdTXwH0wbivLPGkZf7UVwhAVM903DPQYgu6tNDiGXFepuCu0pWYT4l2CJUKrsCDdMHOnNNNul56Gg78gRzRA22kdqvuUlGcnIEWKVpn0Vw7M13ku6zImBLR8A=]]></Encrypt><AgentID><![CDATA[1000008]]></AgentID></xml>

===== 2025-06-07 13:46:43 =====
VZmY7ttVrCc7OGF9Bc3s43t3c3sQwVm9X1oohKTwH+Fj8pfgSpAAx7Uz5nRFuYs4/bCBf1ECKGQ6vx52EJnY4WTYawXTBrwZFVoRs/Nesea2vd0fyPU36X09K0CYrk8AmrHa+/f1BR8vrq74SdC/EomFvYU7wHPuLiM8Nnq2VlYwKnnMO3HvLe00lmP5y1hUJAyJRwIh++5evBCY3eKB5rf3puvwJ7Wp9y7fbgBIKbLv5FTogF5fp95jRr8SEzEIUqUOYbRhhd4Lvr8Xdg0ftpwvMghiMF2rkHqDk/gEGYzeQ1AK0/kdTXwH0wbivLPGkZf7UVwhAVM903DPQYgu6tNDiGXFepuCu0pWYT4l2CJUKrsCDdMHOnNNNul56Gg78gRzRA22kdqvuUlGcnIEWKVpn0Vw7M13ku6zImBLR8A=

===== 2025-06-07 13:59:28 =====
POST 请求数据:
<xml><ToUserName><![CDATA[ww568874482f006b53]]></ToUserName><Encrypt><![CDATA[94HcB5mHfPLxG1VjFttgdgarjMpzjHVMJgAtZF2kZe1uv9HprX/bHCvILsnViiGXF/oo2fpCR/GcWtf0val6ayFEwYfUWvAr031Dv/wdn3NxyaDB6K1uXF0oASM+be58vX4ka4AvnSONO7C+jDGLa9nJAWRtQic/tpLNYjDqxL46bqWtFb0Z242wPDudNrh8kX2eH2KbWx7nLl4SwOmTkm/1RauWC3FC7xzGB4VuAULi1WvfD3unJg9zx42qpacDv48JfwAYyeNbEHSI4xd2DjWsvGyE9XyEvx/W/fs/UVIV9Y/kNiXcnB9vyH+tQNA7Qk8EwalPcX4+qXB8r91sn6VnxMGy/2eLcqqRjoeeUWgMSBxkb3ISa2/V/3lMOOOtJlAd+EaoE70qdbVkg/VztiuYzZVfd2UTX1q4RDkgCGo=]]></Encrypt><AgentID><![CDATA[1000008]]></AgentID></xml>

===== 2025-06-07 13:59:28 =====
94HcB5mHfPLxG1VjFttgdgarjMpzjHVMJgAtZF2kZe1uv9HprX/bHCvILsnViiGXF/oo2fpCR/GcWtf0val6ayFEwYfUWvAr031Dv/wdn3NxyaDB6K1uXF0oASM+be58vX4ka4AvnSONO7C+jDGLa9nJAWRtQic/tpLNYjDqxL46bqWtFb0Z242wPDudNrh8kX2eH2KbWx7nLl4SwOmTkm/1RauWC3FC7xzGB4VuAULi1WvfD3unJg9zx42qpacDv48JfwAYyeNbEHSI4xd2DjWsvGyE9XyEvx/W/fs/UVIV9Y/kNiXcnB9vyH+tQNA7Qk8EwalPcX4+qXB8r91sn6VnxMGy/2eLcqqRjoeeUWgMSBxkb3ISa2/V/3lMOOOtJlAd+EaoE70qdbVkg/VztiuYzZVfd2UTX1q4RDkgCGo=

===== 2025-06-07 14:05:09 =====
POST 请求数据:
<xml><ToUserName><![CDATA[ww568874482f006b53]]></ToUserName><Encrypt><![CDATA[rQQxVdQF8MtghtyHQAM5H9AzVD/vb0LzbjAf73XxVXtJ7YBTXbsDU7Dk7DVMebawwqzl2gK+j2ms7jhCslNk2WICbiEpaMruV5vVUz1V6mWteI0Wl2Xbt/yhOw5i73HKXEWAied6aMPDTDeMb3osJfPb85mYRsAuBIk1BfnIXtr6SSxS5tOO3xRF2GkmRxad1COCgmJlYxvJA/PrWdG9+696P55sZF418m7AtgGLDMoQwvibms3UdYquVPfHXSk5kRwPn5IQvVRJcydOqdB8gKfR4/9wBDBxsbHtBUVoTsavg4hf9+yPZmsL9FT7DK0e0YaqI0nBTOCC//akWZU5RukQFsBboON9cbFKZEXJKQr6TlRQR3IyHCyqUcmHsG3C+L5MRwG1AQAanSPT2bFULv1TNyXJBwLR5siPc+mm/6g=]]></Encrypt><AgentID><![CDATA[1000008]]></AgentID></xml>

===== 2025-06-07 14:05:09 =====
rQQxVdQF8MtghtyHQAM5H9AzVD/vb0LzbjAf73XxVXtJ7YBTXbsDU7Dk7DVMebawwqzl2gK+j2ms7jhCslNk2WICbiEpaMruV5vVUz1V6mWteI0Wl2Xbt/yhOw5i73HKXEWAied6aMPDTDeMb3osJfPb85mYRsAuBIk1BfnIXtr6SSxS5tOO3xRF2GkmRxad1COCgmJlYxvJA/PrWdG9+696P55sZF418m7AtgGLDMoQwvibms3UdYquVPfHXSk5kRwPn5IQvVRJcydOqdB8gKfR4/9wBDBxsbHtBUVoTsavg4hf9+yPZmsL9FT7DK0e0YaqI0nBTOCC//akWZU5RukQFsBboON9cbFKZEXJKQr6TlRQR3IyHCyqUcmHsG3C+L5MRwG1AQAanSPT2bFULv1TNyXJBwLR5siPc+mm/6g=

===== 2025-06-07 14:06:30 =====
POST 请求数据:
<xml><ToUserName><![CDATA[ww568874482f006b53]]></ToUserName><Encrypt><![CDATA[xFcV6YJFamSQ5sGaJ7eHpWVvqcB/neVzIEwc44aFVIUVtP7gVZA/BmM2XtuGo8NM9NYADT6TB/WJJJgUc/jz7Vt7Y5+uAUT//aP3KrK1/klhpTmfPMIpX6JeM6FR6lP4rluuoO9NlxY6nzmSIp2P7Z8SHR/yBzmm5u5FYNEGEJcMOP32+k+urXAhLqHih9UM0HI/BvfqMd5nassqQZoUhTVOo4ehmM+c6IG1eitsCVPms5mX0muOcsmFO1F0mlc2K1H8a8HifnDMBNtO0hufq0DcgUlbUKhHbjf0J0CHC7PbzLBzRl5wWkQ6Cg1XcFUFla9UKDgpSP8q74j4z2x9toX3JAVk7gMh/xu4LlpRWN/X8lQ14h5kisKyotgQAvVoZ+BK6AE2IEvHmNs9KXQ1OQ8p1H3oxSKBbHSUMIt32N4=]]></Encrypt><AgentID><![CDATA[1000008]]></AgentID></xml>

===== 2025-06-07 14:06:30 =====
xFcV6YJFamSQ5sGaJ7eHpWVvqcB/neVzIEwc44aFVIUVtP7gVZA/BmM2XtuGo8NM9NYADT6TB/WJJJgUc/jz7Vt7Y5+uAUT//aP3KrK1/klhpTmfPMIpX6JeM6FR6lP4rluuoO9NlxY6nzmSIp2P7Z8SHR/yBzmm5u5FYNEGEJcMOP32+k+urXAhLqHih9UM0HI/BvfqMd5nassqQZoUhTVOo4ehmM+c6IG1eitsCVPms5mX0muOcsmFO1F0mlc2K1H8a8HifnDMBNtO0hufq0DcgUlbUKhHbjf0J0CHC7PbzLBzRl5wWkQ6Cg1XcFUFla9UKDgpSP8q74j4z2x9toX3JAVk7gMh/xu4LlpRWN/X8lQ14h5kisKyotgQAvVoZ+BK6AE2IEvHmNs9KXQ1OQ8p1H3oxSKBbHSUMIt32N4=

===== 2025-06-08 16:36:36 =====
POST 请求数据:
<xml><ToUserName><![CDATA[ww568874482f006b53]]></ToUserName><Encrypt><![CDATA[tXvOPdHMHT0QLwIB6NSF7kGv+USGwWn7fvR76yrRfjrB+De/TRZDDZ5eVQyX1Qg/rP7PcLr4/OW4DN9wCNcTcbeNW6Nxr4Gmucqr+MHnEiQ1neIwzzDhLu3Su771XIkYILHP5W82XwcACOnk2Eot7MZQlKu/aCII3IZbPQQo3hGEVQ4Y6cGYt08kRqQCVEaBXF2qi38flo3NIyg7pBc5BZYq5w2tmhLIch85FeKyv8E3hMhiZKEORq9tLMq9Q5uWUElcx5g5XMr404rlNf/Xol+Cyms+e7C6jOMYEPz7isn3yRfEbq4CuWhuZe+H7Ep4E6L29bNh1fbF0h9orF2N3E4ZB3sRQovA+eaE/clHE0TijPLeo8lDuOVsknVGX1plPJcl/sfPVBri3x5eDg02yRSpMZSswsYoe/C/FIgWFDqg8iw94d2ZfIVgc5GGT26KLe7AA+8M9/Pv+zsuQ4Iz/g==]]></Encrypt><AgentID><![CDATA[1000008]]></AgentID></xml>

===== 2025-06-08 16:36:36 =====
tXvOPdHMHT0QLwIB6NSF7kGv+USGwWn7fvR76yrRfjrB+De/TRZDDZ5eVQyX1Qg/rP7PcLr4/OW4DN9wCNcTcbeNW6Nxr4Gmucqr+MHnEiQ1neIwzzDhLu3Su771XIkYILHP5W82XwcACOnk2Eot7MZQlKu/aCII3IZbPQQo3hGEVQ4Y6cGYt08kRqQCVEaBXF2qi38flo3NIyg7pBc5BZYq5w2tmhLIch85FeKyv8E3hMhiZKEORq9tLMq9Q5uWUElcx5g5XMr404rlNf/Xol+Cyms+e7C6jOMYEPz7isn3yRfEbq4CuWhuZe+H7Ep4E6L29bNh1fbF0h9orF2N3E4ZB3sRQovA+eaE/clHE0TijPLeo8lDuOVsknVGX1plPJcl/sfPVBri3x5eDg02yRSpMZSswsYoe/C/FIgWFDqg8iw94d2ZfIVgc5GGT26KLe7AA+8M9/Pv+zsuQ4Iz/g==

===== 2025-06-08 16:37:16 =====
POST 请求数据:
<xml><ToUserName><![CDATA[ww568874482f006b53]]></ToUserName><Encrypt><![CDATA[ty8OdqqyVx0H6qxQ+5Ym1z/ZaodvosmAb2qcvy/QXx+oUUJ49VgA1uuS8Q8V3AQo7IO8TIHntzTFFhg1ynQDUtETCRxyJ9qW1dss6lNjFlGeqhM3XaFHPj8F1zaxfKLLRunrsDIPdmUNlcsIv1LTSI16KamKsFqaXQzf0VizfBx5LsFkKoFYMuXUg0p7+fNFGhPDo+vGEKq/PwdcFlUkTQHHaD4XOgmMbqlCOPHUF4jvtXDsTmrnHroDk4P1fQ63Lm1N33RXZCDUd7E3FQnNUm7ipaxXk+mkaU0ppYerSA2EjmqLhJ7Gtg8YmRAYgyGU6mTYtqbkHF1/pgVJ3pQ8gHROX6I1AckI0UTlrbV8fqtaI9o4fJ/W6ANcvVMyi5x9zx1khYyGAh4U+pl1P8gVn8SPiyf9A19tATpHXHCP1NI1nB1m/cnc5WxXrsZbrWKV9hngsh2Mc9O2EDvJjbJLkw==]]></Encrypt><AgentID><![CDATA[1000008]]></AgentID></xml>

===== 2025-06-08 16:37:16 =====
ty8OdqqyVx0H6qxQ+5Ym1z/ZaodvosmAb2qcvy/QXx+oUUJ49VgA1uuS8Q8V3AQo7IO8TIHntzTFFhg1ynQDUtETCRxyJ9qW1dss6lNjFlGeqhM3XaFHPj8F1zaxfKLLRunrsDIPdmUNlcsIv1LTSI16KamKsFqaXQzf0VizfBx5LsFkKoFYMuXUg0p7+fNFGhPDo+vGEKq/PwdcFlUkTQHHaD4XOgmMbqlCOPHUF4jvtXDsTmrnHroDk4P1fQ63Lm1N33RXZCDUd7E3FQnNUm7ipaxXk+mkaU0ppYerSA2EjmqLhJ7Gtg8YmRAYgyGU6mTYtqbkHF1/pgVJ3pQ8gHROX6I1AckI0UTlrbV8fqtaI9o4fJ/W6ANcvVMyi5x9zx1khYyGAh4U+pl1P8gVn8SPiyf9A19tATpHXHCP1NI1nB1m/cnc5WxXrsZbrWKV9hngsh2Mc9O2EDvJjbJLkw==

===== 2025-06-08 16:42:35 =====
POST 请求数据:
<xml><ToUserName><![CDATA[ww568874482f006b53]]></ToUserName><Encrypt><![CDATA[xSwvqx0EASxNPR9Myh+73gfi1K8Rtbz2t6RDYHdE07eR1zTVNy51gYlAEekf1BLreMXM3bKLSr6KpVEPoR1SwMuL+qsAy9ifQYk0V6U1qu1giOf+mgb+Fbz+0jIovM+AKSXjA2xY+c8y31mvxqAXgpdtLX6SzzMM/3VlH5KfPs8/2SmLYCn+K+jG3HY6qgy3JCUsOu8UH2i9q8KU+ZeQ50JaLwpRV+zmrc63G45pWfVPWOcg3VzBycxso33OdCI7GJPMHjwHtVv4WPCus5LZtgnBsMk+y50ujb4sPGOyaE+2fbGiBkms0i642uU/NUNZZf6IjzXvkptwTb4ZJNau/E1xKVIn4NLdzxg7uYrByvPVvASHHtpA7dn80FpwrfYZn92TJ9AqE8AqG9Ts9zxJvAaaFxAsSrBSEJ6ajpv0J5nJYVUeKXOXkL7/cj2DoS/jhByXBgB5y5A5tJtsjaLADg==]]></Encrypt><AgentID><![CDATA[1000008]]></AgentID></xml>

===== 2025-06-08 16:42:35 =====
xSwvqx0EASxNPR9Myh+73gfi1K8Rtbz2t6RDYHdE07eR1zTVNy51gYlAEekf1BLreMXM3bKLSr6KpVEPoR1SwMuL+qsAy9ifQYk0V6U1qu1giOf+mgb+Fbz+0jIovM+AKSXjA2xY+c8y31mvxqAXgpdtLX6SzzMM/3VlH5KfPs8/2SmLYCn+K+jG3HY6qgy3JCUsOu8UH2i9q8KU+ZeQ50JaLwpRV+zmrc63G45pWfVPWOcg3VzBycxso33OdCI7GJPMHjwHtVv4WPCus5LZtgnBsMk+y50ujb4sPGOyaE+2fbGiBkms0i642uU/NUNZZf6IjzXvkptwTb4ZJNau/E1xKVIn4NLdzxg7uYrByvPVvASHHtpA7dn80FpwrfYZn92TJ9AqE8AqG9Ts9zxJvAaaFxAsSrBSEJ6ajpv0J5nJYVUeKXOXkL7/cj2DoS/jhByXBgB5y5A5tJtsjaLADg==

===== 2025-06-08 16:44:19 =====
POST 请求数据:
<xml><ToUserName><![CDATA[ww568874482f006b53]]></ToUserName><Encrypt><![CDATA[KM/NdPrLOQey2dzYhol+IiND69xAJuyJNilSdxkS2yI8e7sD/MD4ZQ/nRF8jBSGUsDnkX7FhEoDwnVptyqnTpJEH4HNDPCnS9wBcADX/Xq4d/SnwnsY0DHAlIvix1vOywuoVs/qMV0FBjsNwb2oXlYDyv26KpAR4q3vglquq5qx3mdnjc8FkkA5IsU3vM14FDNJLb5UXvjDpk5f+NSD+iS9llrjuIFVeAxs5kykmNrZZQVHstqm6uxHzAMesc5AbWcVuayL/eYeoVrSmJTvBaxfo08MgALm1gEmdSjs0lR/zE4VN11ViYwO9Dy6AvSk8JvffMhgB70hpHfy8iXtBWWEHdL7ylAbj+cb6X/SibRbADsfSJHCmpVLoE5hk5vJ41tTp0M1VEVAgRMScSxEzj+n+tK7eQ4csgDRzi+qn8BXvWUMJQ+N7sjqt8JPuO2X81VI5T3yX2swMFh6GlM3/ew==]]></Encrypt><AgentID><![CDATA[1000008]]></AgentID></xml>

===== 2025-06-08 16:44:19 =====
KM/NdPrLOQey2dzYhol+IiND69xAJuyJNilSdxkS2yI8e7sD/MD4ZQ/nRF8jBSGUsDnkX7FhEoDwnVptyqnTpJEH4HNDPCnS9wBcADX/Xq4d/SnwnsY0DHAlIvix1vOywuoVs/qMV0FBjsNwb2oXlYDyv26KpAR4q3vglquq5qx3mdnjc8FkkA5IsU3vM14FDNJLb5UXvjDpk5f+NSD+iS9llrjuIFVeAxs5kykmNrZZQVHstqm6uxHzAMesc5AbWcVuayL/eYeoVrSmJTvBaxfo08MgALm1gEmdSjs0lR/zE4VN11ViYwO9Dy6AvSk8JvffMhgB70hpHfy8iXtBWWEHdL7ylAbj+cb6X/SibRbADsfSJHCmpVLoE5hk5vJ41tTp0M1VEVAgRMScSxEzj+n+tK7eQ4csgDRzi+qn8BXvWUMJQ+N7sjqt8JPuO2X81VI5T3yX2swMFh6GlM3/ew==

===== 2025-06-08 16:45:50 =====
POST 请求数据:
<xml><ToUserName><![CDATA[ww568874482f006b53]]></ToUserName><Encrypt><![CDATA[ltwPyXdvkGNOMkKmkK3vg05V/xk30s92+Kb0GCFaT0QrdBbcHLex/bnig+uHbdWgKGkePGG8K/eJxDAaiHSeGWSrsOWaU3Yz68zN3IWQzdgUkBSHQbxYH2qNpn8SE9iTrZUlNIr5jO/ZVX4AQjsZMDVOHuwmvtUbS6TVBYyJlf3w3BBMGA5Sxy4TFqvv2tY9VVM7iY7wGTbBa5pDgRBAeSzk/OhRZFKQ40Cqn0rCDXVEZKm1rbVvl8WgA6dBRFDIS0bHdihR6Ad/UhQBVTjjsXoIv3f8duZelI+0gbLNi6bBILQAYkYPCp9Lyjrem388GRIDU8oWVMsYYOJipYNhs5w5dbvh2J9fbAt4S4/tC4TMpW9vG8IhlBCdUejx5mZSinP8E92v9WAa5UJk9HKJR3rC1WqQjz0ZBH/b2D/s+y6T4QTAWQBLA3F7CuI5JaAk3gct2pk30UhopsE9xIiKKg==]]></Encrypt><AgentID><![CDATA[1000008]]></AgentID></xml>

===== 2025-06-08 16:45:50 =====
ltwPyXdvkGNOMkKmkK3vg05V/xk30s92+Kb0GCFaT0QrdBbcHLex/bnig+uHbdWgKGkePGG8K/eJxDAaiHSeGWSrsOWaU3Yz68zN3IWQzdgUkBSHQbxYH2qNpn8SE9iTrZUlNIr5jO/ZVX4AQjsZMDVOHuwmvtUbS6TVBYyJlf3w3BBMGA5Sxy4TFqvv2tY9VVM7iY7wGTbBa5pDgRBAeSzk/OhRZFKQ40Cqn0rCDXVEZKm1rbVvl8WgA6dBRFDIS0bHdihR6Ad/UhQBVTjjsXoIv3f8duZelI+0gbLNi6bBILQAYkYPCp9Lyjrem388GRIDU8oWVMsYYOJipYNhs5w5dbvh2J9fbAt4S4/tC4TMpW9vG8IhlBCdUejx5mZSinP8E92v9WAa5UJk9HKJR3rC1WqQjz0ZBH/b2D/s+y6T4QTAWQBLA3F7CuI5JaAk3gct2pk30UhopsE9xIiKKg==

===== 2025-06-08 17:11:53 =====
POST 请求数据:
<xml><ToUserName><![CDATA[ww568874482f006b53]]></ToUserName><Encrypt><![CDATA[LQtd/zoQfpfj/7YipkpOqatT0qAqaiVj8trtfun++lBGG4mgeSZmHYagnhwGm2Eud4UgN2zx2EG/AuMhPSXUZBCMfokbgeVuFSqFP8wkpOwnhaTSHm5hZ0tvbxPc3X2mq6zmJ4AMoIdHZ6s9gxvLOvVwKbe/rY7Leu9taQy2u9tllvxxQJ+mzdiQLMpTL6sR8PqNcUMoVThDErawhITVKNosqhDrIemF8uC1JVfkqWeGbJl5sEE4TT5noIXwPuKM+zFBd5rYvCYPGQA4/8scVT9t8hXHfcFRc3dBEKQE+c8rC5QH/2VbTEFD8jGpENRzjnyJhJrRGsZ2IrgRe6kI8jqJPI2+LpcTzZwav8Oq27r6OWAS9Sa/fp1q0sfOB45wt+m9VR+ZrFsz7T3aAAIBiwP/VbPYtAS2ZCDWBzutsvx7BazStmXSvNGJlGcvJBTDCThHPO5uxYtUSLTFWCiY8w==]]></Encrypt><AgentID><![CDATA[1000008]]></AgentID></xml>

===== 2025-06-08 17:11:53 =====
LQtd/zoQfpfj/7YipkpOqatT0qAqaiVj8trtfun++lBGG4mgeSZmHYagnhwGm2Eud4UgN2zx2EG/AuMhPSXUZBCMfokbgeVuFSqFP8wkpOwnhaTSHm5hZ0tvbxPc3X2mq6zmJ4AMoIdHZ6s9gxvLOvVwKbe/rY7Leu9taQy2u9tllvxxQJ+mzdiQLMpTL6sR8PqNcUMoVThDErawhITVKNosqhDrIemF8uC1JVfkqWeGbJl5sEE4TT5noIXwPuKM+zFBd5rYvCYPGQA4/8scVT9t8hXHfcFRc3dBEKQE+c8rC5QH/2VbTEFD8jGpENRzjnyJhJrRGsZ2IrgRe6kI8jqJPI2+LpcTzZwav8Oq27r6OWAS9Sa/fp1q0sfOB45wt+m9VR+ZrFsz7T3aAAIBiwP/VbPYtAS2ZCDWBzutsvx7BazStmXSvNGJlGcvJBTDCThHPO5uxYtUSLTFWCiY8w==

===== 2025-06-08 17:12:24 =====
POST 请求数据:
<xml><ToUserName><![CDATA[ww568874482f006b53]]></ToUserName><Encrypt><![CDATA[IUN7PZaOpEXP9qhTEE1D2YgGN/fFEIhLgrx0c33JT9F1gkk2bRKvYIzdAKxSemT+PxH1TgzQ4yqz1rLNKHGMu+VE6P+OKoRn7/Cs7zFjG5J4fTUh6TRrmqWrDYLEQiIJxeJ9dgytbV/iAoM3ffM4FAodMclxz11/d4Wi6sDMIMptWUb5qoFPDCR1ThQb4WZCDKtXtWZ2BvSKZBiMXR72NHjDbPoQCvOjwDwkOMjmyH4IkE72JZd6OdA8H9pIQJhu8JehP0JZorlaZnZjmk8pUaMRGVSQH2zvlLJiFgdw7eDZ2SCfPtR+e3qoy0cwd2YaYE968rNIlUfLshpP9v2FhizygBDQU97tVW4L0VCdHZjnnpJfgerPkckpLlWBKAHUEAUvEaaOHUl0pB4rFEfK8j4Py9cFnJQIMfKL/KjB2qXTaJPWCCxXw3/CUo6XqteEOYBLwQTLek9T3fQbbf4h/g==]]></Encrypt><AgentID><![CDATA[1000008]]></AgentID></xml>

===== 2025-06-08 17:12:24 =====
IUN7PZaOpEXP9qhTEE1D2YgGN/fFEIhLgrx0c33JT9F1gkk2bRKvYIzdAKxSemT+PxH1TgzQ4yqz1rLNKHGMu+VE6P+OKoRn7/Cs7zFjG5J4fTUh6TRrmqWrDYLEQiIJxeJ9dgytbV/iAoM3ffM4FAodMclxz11/d4Wi6sDMIMptWUb5qoFPDCR1ThQb4WZCDKtXtWZ2BvSKZBiMXR72NHjDbPoQCvOjwDwkOMjmyH4IkE72JZd6OdA8H9pIQJhu8JehP0JZorlaZnZjmk8pUaMRGVSQH2zvlLJiFgdw7eDZ2SCfPtR+e3qoy0cwd2YaYE968rNIlUfLshpP9v2FhizygBDQU97tVW4L0VCdHZjnnpJfgerPkckpLlWBKAHUEAUvEaaOHUl0pB4rFEfK8j4Py9cFnJQIMfKL/KjB2qXTaJPWCCxXw3/CUo6XqteEOYBLwQTLek9T3fQbbf4h/g==

===== 2025-06-08 17:53:00 =====
POST 请求数据:
<xml><ToUserName><![CDATA[ww568874482f006b53]]></ToUserName><Encrypt><![CDATA[yyiOA1Y4qK29X6mye7uCByffdRKv7k0BgrEotd8SEK6dkaYZJYU53S+DvERlhG6IXpDluhJnHw5uuC7sLSXC+3W37eqI1uwXWJJEaOzY8G6EBrHC4YtlCEIdSzNbVKSqdlCMwyer+S+xiTddvOQNifqQ9miZ43ctXagQ7VJnE4XdsvlJnSKf0YVCSDvg7sg0AgMeLhEZNqRcHyovXwZPTGA1HzkCh8t4nVjhT0X7zOjUgdBhcuk975abOON8Ls6QIHvFDFrM7PybLyHfUjsgF/8nXtvu2nVDziYTizz/YH96Oel7MsMCpVd4BDbJBH+HAt4BR7A6OU+rCV9o3QFNE66Bs53WTKqyC9zcAYOE45y9SY21WMxFw08wH0S9LjeZ3+ff51I76LzF473NBdwOO1TxFcfH8cYysDM9FpJY/5gj/8gamUypcQ1sSk3g8Be0ge4q367yhjRW6SrIPXIeUg==]]></Encrypt><AgentID><![CDATA[1000008]]></AgentID></xml>

===== 2025-06-08 17:53:00 =====
yyiOA1Y4qK29X6mye7uCByffdRKv7k0BgrEotd8SEK6dkaYZJYU53S+DvERlhG6IXpDluhJnHw5uuC7sLSXC+3W37eqI1uwXWJJEaOzY8G6EBrHC4YtlCEIdSzNbVKSqdlCMwyer+S+xiTddvOQNifqQ9miZ43ctXagQ7VJnE4XdsvlJnSKf0YVCSDvg7sg0AgMeLhEZNqRcHyovXwZPTGA1HzkCh8t4nVjhT0X7zOjUgdBhcuk975abOON8Ls6QIHvFDFrM7PybLyHfUjsgF/8nXtvu2nVDziYTizz/YH96Oel7MsMCpVd4BDbJBH+HAt4BR7A6OU+rCV9o3QFNE66Bs53WTKqyC9zcAYOE45y9SY21WMxFw08wH0S9LjeZ3+ff51I76LzF473NBdwOO1TxFcfH8cYysDM9FpJY/5gj/8gamUypcQ1sSk3g8Be0ge4q367yhjRW6SrIPXIeUg==

===== 2025-06-08 17:53:32 =====
POST 请求数据:
<xml><ToUserName><![CDATA[ww568874482f006b53]]></ToUserName><Encrypt><![CDATA[HkpmyIv4VlCSgUKDdCs7rj7OuUFjDex5FRuymBgh5onrMBspcZ/abh/R651X1Rxn0USLdgHQtSJBL6ARuFtbMXb6Wf7fJnC1TaTDr7s6YoBVZfp/oLDtYbMhwsn9pZ+ueNTCwtbVjXHXN5xcbyjgyK4nIEVZEwiGlKLtMRWM0ReATf5/RMLsLVHwAX+j86nZyR2iTLvt/fWJtQ93FtvcV1E0O8A8QlItyKjdS6NEVyXperTxqtnsQphVDepRUsQ8ic8K85Yqpk0+F+sBZky2m/1tAc7wYmJfbKiuqq0WIk9oPe1z4+X/Fh/gBsAJ8UexgLkHZ7mYhY/ErtFVeftrSt2mYc8mJaM9oeU3SRsi3srqed4xQIM3YPtfRdR0aDjzmxukisGGojXSX4/t9TrVgEx9GnlmM7u7ig6ORvY78brDrirtnXxcV1yJZttCyk/DtE7colNHLG568DZq9AXV+w==]]></Encrypt><AgentID><![CDATA[1000008]]></AgentID></xml>

===== 2025-06-08 17:53:32 =====
HkpmyIv4VlCSgUKDdCs7rj7OuUFjDex5FRuymBgh5onrMBspcZ/abh/R651X1Rxn0USLdgHQtSJBL6ARuFtbMXb6Wf7fJnC1TaTDr7s6YoBVZfp/oLDtYbMhwsn9pZ+ueNTCwtbVjXHXN5xcbyjgyK4nIEVZEwiGlKLtMRWM0ReATf5/RMLsLVHwAX+j86nZyR2iTLvt/fWJtQ93FtvcV1E0O8A8QlItyKjdS6NEVyXperTxqtnsQphVDepRUsQ8ic8K85Yqpk0+F+sBZky2m/1tAc7wYmJfbKiuqq0WIk9oPe1z4+X/Fh/gBsAJ8UexgLkHZ7mYhY/ErtFVeftrSt2mYc8mJaM9oeU3SRsi3srqed4xQIM3YPtfRdR0aDjzmxukisGGojXSX4/t9TrVgEx9GnlmM7u7ig6ORvY78brDrirtnXxcV1yJZttCyk/DtE7colNHLG568DZq9AXV+w==